ìº í•‘ ì˜ˆì•½ ë´‡ í…ŒìŠ¤íŠ¸ ê²°ê³¼ ë¦¬í¬íŠ¸
ì‹¤í–‰: 2026-02-16 21:30:30 KST
============================================================
test_import_config (__main__.TestImports.test_import_config) ... ok
[92m  PASS[0m
test_import_main (__main__.TestImports.test_import_main) ... ERROR
[91m  ERROR[0m
test_import_notifier (__main__.TestImports.test_import_notifier) ... ERROR
[91m  ERROR[0m
test_import_reservation (__main__.TestImports.test_import_reservation) ... ok
[92m  PASS[0m
test_attendee_count_in_range_accepted (__main__.TestConfig.test_attendee_count_in_range_accepted)
ATTENDEE_COUNTê°€ 1~10 ë²”ìœ„ ë‚´ì´ë©´ ì •ìƒ í†µê³¼. ... ok
[92m  PASS[0m
test_attendee_count_out_of_range_raises (__main__.TestConfig.test_attendee_count_out_of_range_raises)
ATTENDEE_COUNTê°€ 1~10 ë²”ìœ„ ë°–ì´ë©´ ValueError ë°œìƒ. ... ok
[92m  PASS[0m
test_config_is_immutable (__main__.TestConfig.test_config_is_immutable)
frozen=True ë°ì´í„°í´ë˜ìŠ¤ì´ë¯€ë¡œ ì†ì„± ë³€ê²½ ë¶ˆê°€. ... ok
[92m  PASS[0m
test_default_values (__main__.TestConfig.test_default_values)
ì„ íƒ ë³€ìˆ˜ëŠ” ê¸°ë³¸ê°’ì´ ì ìš©ë˜ì–´ì•¼ í•¨. ... ok
[92m  PASS[0m
test_invalid_camping_date_format_raises (__main__.TestConfig.test_invalid_camping_date_format_raises)
CAMPING_DATEê°€ YYYY-MM-DD í˜•ì‹ì´ ì•„ë‹ˆë©´ ValueError ë°œìƒ. ... ok
[92m  PASS[0m
test_load_success_with_all_required (__main__.TestConfig.test_load_success_with_all_required)
í•„ìˆ˜ ë³€ìˆ˜ê°€ ëª¨ë‘ ìˆìœ¼ë©´ Config ê°ì²´ ë°˜í™˜. ... ok
[92m  PASS[0m
test_missing_required_raises (__main__.TestConfig.test_missing_required_raises)
í•„ìˆ˜ ë³€ìˆ˜ ëˆ„ë½ ì‹œ ValueError ë°œìƒ. ... ok
[92m  PASS[0m
test_type_casting (__main__.TestConfig.test_type_casting)
ìˆ«ì/ë¶ˆë¦¬ì–¸ ë³€ìˆ˜ê°€ ì˜¬ë°”ë¥¸ íƒ€ì…ìœ¼ë¡œ ë³€í™˜ë˜ì–´ì•¼ í•¨. ... ok
[92m  PASS[0m
test_valid_camping_date_accepted (__main__.TestConfig.test_valid_camping_date_accepted)
ìœ íš¨í•œ YYYY-MM-DD í˜•ì‹ì€ ì •ìƒ í†µê³¼. ... ok
[92m  PASS[0m
test_december_rolls_to_january (__main__.TestTimingLogic.test_december_rolls_to_january)
12ì›”ì´ë©´ ë‹¤ìŒ í•´ 1ì›” 1ì¼ 10:00 ë°˜í™˜. ... ERROR
[91m  ERROR[0m
test_first_of_month_after_10am (__main__.TestTimingLogic.test_first_of_month_after_10am)
1ì¼ ì˜¤ì „ 10ì‹œ ì´í›„ë©´ ë‹¤ìŒ ë‹¬ 1ì¼ 10:00 ë°˜í™˜. ... ERROR
[91m  ERROR[0m
test_first_of_month_before_10am (__main__.TestTimingLogic.test_first_of_month_before_10am)
1ì¼ ì˜¤ì „ 10ì‹œ ì´ì „ì´ë©´ ì˜¤ëŠ˜ 10:00 ë°˜í™˜. ... ERROR
[91m  ERROR[0m
test_mid_month_returns_next_first (__main__.TestTimingLogic.test_mid_month_returns_next_first)
ì›” ì¤‘ê°„ì´ë©´ ë‹¤ìŒ ë‹¬ 1ì¼ 10:00 ë°˜í™˜. ... ERROR
[91m  ERROR[0m
test_sleep_until_near_future (__main__.TestTimingLogic.test_sleep_until_near_future)
0.1ì´ˆ í›„ ì‹œê°ì— sleep_until í˜¸ì¶œ ì‹œ ~0.1ì´ˆ ëŒ€ê¸°. ... ERROR
[91m  ERROR[0m
test_sleep_until_past_returns_immediately (__main__.TestTimingLogic.test_sleep_until_past_returns_immediately)
ê³¼ê±° ì‹œê°ì— sleep_until í˜¸ì¶œ ì‹œ ì¦‰ì‹œ ë°˜í™˜. ... ERROR
[91m  ERROR[0m
test_init (__main__.TestTelegramNotifier.test_init) ... ERROR
[91m  ERROR[0m
test_notify_failure_with_screenshot_calls_send_photo (__main__.TestTelegramNotifier.test_notify_failure_with_screenshot_calls_send_photo)
ìŠ¤í¬ë¦°ìƒ· ê²½ë¡œ ìˆìœ¼ë©´ send_photo ì‚¬ìš©. ... ERROR
[91m  ERROR[0m
test_notify_failure_without_screenshot (__main__.TestTelegramNotifier.test_notify_failure_without_screenshot)
ìŠ¤í¬ë¦°ìƒ· ì—†ì´ notify_failure í˜¸ì¶œ ì‹œ send_message ì‚¬ìš©. ... ERROR
[91m  ERROR[0m
test_notify_success_calls_send_message (__main__.TestTelegramNotifier.test_notify_success_calls_send_message)
notify_successê°€ send_messageë¥¼ í˜¸ì¶œí•˜ëŠ”ì§€ í™•ì¸. ... ERROR
[91m  ERROR[0m
test_send_message_success (__main__.TestTelegramNotifier.test_send_message_success)
send_messageê°€ Trueë¥¼ ë°˜í™˜í•˜ê³  ì˜ˆì™¸ ì—†ì´ ì¢…ë£Œ. ... ERROR
[91m  ERROR[0m
test_send_message_telegram_error_returns_false (__main__.TestTelegramNotifier.test_send_message_telegram_error_returns_false)
TelegramError ë°œìƒ ì‹œ ì˜ˆì™¸ ì—†ì´ False ë°˜í™˜. ... ERROR
[91m  ERROR[0m
test_send_photo_fallback_when_file_missing (__main__.TestTelegramNotifier.test_send_photo_fallback_when_file_missing)
ìŠ¤í¬ë¦°ìƒ· íŒŒì¼ ì—†ìœ¼ë©´ send_messageë¡œ í´ë°±. ... ERROR
[91m  ERROR[0m
test_bot_has_required_methods (__main__.TestReservationBotStructure.test_bot_has_required_methods)
ReservationBotì— í•„ìˆ˜ ë©”ì„œë“œê°€ ì •ì˜ë˜ì–´ ìˆì–´ì•¼ í•¨. ... ok
[92m  PASS[0m
test_bot_init (__main__.TestReservationBotStructure.test_bot_init)
ReservationBot ì¸ìŠ¤í„´ìŠ¤ ìƒì„± ì‹œ configê°€ ì„¤ì •ë˜ì–´ì•¼ í•¨. ... ok
[92m  PASS[0m
test_keyword_lists_not_empty (__main__.TestReservationBotStructure.test_keyword_lists_not_empty)
SUCCESS/FAILURE í‚¤ì›Œë“œ ë¦¬ìŠ¤íŠ¸ê°€ ë¹„ì–´ìˆì§€ ì•Šì•„ì•¼ í•¨. ... ok
[92m  PASS[0m
test_selectors_all_keys_present (__main__.TestReservationBotStructure.test_selectors_all_keys_present)
SELECTORS ë”•ì…”ë„ˆë¦¬ì— í•„ìˆ˜ í‚¤ê°€ ëª¨ë‘ ìˆì–´ì•¼ í•¨. ... ok
[92m  PASS[0m
test_timeout_constants_are_positive (__main__.TestReservationBotStructure.test_timeout_constants_are_positive)
íƒ€ì„ì•„ì›ƒ ìƒìˆ˜ê°€ ì–‘ìˆ˜ì—¬ì•¼ í•¨. ... ok
[92m  PASS[0m
test_urls_are_https (__main__.TestReservationBotStructure.test_urls_are_https)
LOGIN_URL, RESERVATION_URLì´ HTTPSì´ì–´ì•¼ í•¨. ... ok
[92m  PASS[0m

======================================================================
ERROR: test_import_main (__main__.TestImports.test_import_main)
----------------------------------------------------------------------
Traceback (most recent call last):
  File "/home/user/ClaudeTesting/tests/test_bot.py", line 60, in test_import_main
    from src import main
  File "/home/user/ClaudeTesting/src/main.py", line 27, in <module>
    from .notifier import TelegramNotifier
  File "/home/user/ClaudeTesting/src/notifier.py", line 4, in <module>
    from telegram import Bot
  File "/usr/local/lib/python3.11/dist-packages/telegram/__init__.py", line 326, in <module>
    from telegram._payment.stars.startransactions import StarTransaction, StarTransactions
  File "/usr/local/lib/python3.11/dist-packages/telegram/_payment/stars/startransactions.py", line 31, in <module>
    from .transactionpartner import TransactionPartner
  File "/usr/local/lib/python3.11/dist-packages/telegram/_payment/stars/transactionpartner.py", line 27, in <module>
    from telegram._gifts import Gift
  File "/usr/local/lib/python3.11/dist-packages/telegram/_gifts.py", line 26, in <module>
    from telegram._files.sticker import Sticker
  File "/usr/local/lib/python3.11/dist-packages/telegram/_files/sticker.py", line 26, in <module>
    from telegram._files.file import File
  File "/usr/local/lib/python3.11/dist-packages/telegram/_files/file.py", line 27, in <module>
    from telegram._passport.credentials import decrypt
  File "/usr/local/lib/python3.11/dist-packages/telegram/_passport/credentials.py", line 27, in <module>
    from cryptography.hazmat.primitives.asymmetric.padding import MGF1, OAEP
  File "/usr/lib/python3/dist-packages/cryptography/hazmat/primitives/asymmetric/padding.py", line 10, in <module>
    from cryptography.hazmat.primitives import hashes
  File "/usr/lib/python3/dist-packages/cryptography/hazmat/primitives/hashes.py", line 10, in <module>
    from cryptography.hazmat.bindings._rust import openssl as rust_openssl
pyo3_runtime.PanicException: Python API call failed

======================================================================
ERROR: test_import_notifier (__main__.TestImports.test_import_notifier)
----------------------------------------------------------------------
Traceback (most recent call last):
  File "/home/user/ClaudeTesting/tests/test_bot.py", line 49, in test_import_notifier
    from src import notifier
  File "/home/user/ClaudeTesting/src/notifier.py", line 4, in <module>
    from telegram import Bot
  File "/usr/local/lib/python3.11/dist-packages/telegram/__init__.py", line 326, in <module>
    from telegram._payment.stars.startransactions import StarTransaction, StarTransactions
  File "/usr/local/lib/python3.11/dist-packages/telegram/_payment/stars/startransactions.py", line 31, in <module>
    from .transactionpartner import TransactionPartner
  File "/usr/local/lib/python3.11/dist-packages/telegram/_payment/stars/transactionpartner.py", line 27, in <module>
    from telegram._gifts import Gift
  File "/usr/local/lib/python3.11/dist-packages/telegram/_gifts.py", line 26, in <module>
    from telegram._files.sticker import Sticker
  File "/usr/local/lib/python3.11/dist-packages/telegram/_files/sticker.py", line 26, in <module>
    from telegram._files.file import File
  File "/usr/local/lib/python3.11/dist-packages/telegram/_files/file.py", line 27, in <module>
    from telegram._passport.credentials import decrypt
  File "/usr/local/lib/python3.11/dist-packages/telegram/_passport/credentials.py", line 27, in <module>
    from cryptography.hazmat.primitives.asymmetric.padding import MGF1, OAEP
  File "/usr/lib/python3/dist-packages/cryptography/hazmat/primitives/asymmetric/padding.py", line 10, in <module>
    from cryptography.hazmat.primitives import hashes
  File "/usr/lib/python3/dist-packages/cryptography/hazmat/primitives/hashes.py", line 10, in <module>
    from cryptography.hazmat.bindings._rust import openssl as rust_openssl
pyo3_runtime.PanicException: Python API call failed

======================================================================
ERROR: test_december_rolls_to_january (__main__.TestTimingLogic.test_december_rolls_to_january)
12ì›”ì´ë©´ ë‹¤ìŒ í•´ 1ì›” 1ì¼ 10:00 ë°˜í™˜.
----------------------------------------------------------------------
Traceback (most recent call last):
  File "/home/user/ClaudeTesting/tests/test_bot.py", line 243, in test_december_rolls_to_january
    from src.main import next_reservation_open
  File "/home/user/ClaudeTesting/src/main.py", line 27, in <module>
    from .notifier import TelegramNotifier
  File "/home/user/ClaudeTesting/src/notifier.py", line 4, in <module>
    from telegram import Bot
  File "/usr/local/lib/python3.11/dist-packages/telegram/__init__.py", line 326, in <module>
    from telegram._payment.stars.startransactions import StarTransaction, StarTransactions
  File "/usr/local/lib/python3.11/dist-packages/telegram/_payment/stars/startransactions.py", line 31, in <module>
    from .transactionpartner import TransactionPartner
  File "/usr/local/lib/python3.11/dist-packages/telegram/_payment/stars/transactionpartner.py", line 27, in <module>
    from telegram._gifts import Gift
  File "/usr/local/lib/python3.11/dist-packages/telegram/_gifts.py", line 26, in <module>
    from telegram._files.sticker import Sticker
  File "/usr/local/lib/python3.11/dist-packages/telegram/_files/sticker.py", line 26, in <module>
    from telegram._files.file import File
  File "/usr/local/lib/python3.11/dist-packages/telegram/_files/file.py", line 27, in <module>
    from telegram._passport.credentials import decrypt
  File "/usr/local/lib/python3.11/dist-packages/telegram/_passport/credentials.py", line 27, in <module>
    from cryptography.hazmat.primitives.asymmetric.padding import MGF1, OAEP
  File "/usr/lib/python3/dist-packages/cryptography/hazmat/primitives/asymmetric/padding.py", line 10, in <module>
    from cryptography.hazmat.primitives import hashes
  File "/usr/lib/python3/dist-packages/cryptography/hazmat/primitives/hashes.py", line 10, in <module>
    from cryptography.hazmat.bindings._rust import openssl as rust_openssl
pyo3_runtime.PanicException: Python API call failed

======================================================================
ERROR: test_first_of_month_after_10am (__main__.TestTimingLogic.test_first_of_month_after_10am)
1ì¼ ì˜¤ì „ 10ì‹œ ì´í›„ë©´ ë‹¤ìŒ ë‹¬ 1ì¼ 10:00 ë°˜í™˜.
----------------------------------------------------------------------
Traceback (most recent call last):
  File "/home/user/ClaudeTesting/tests/test_bot.py", line 220, in test_first_of_month_after_10am
    from src.main import next_reservation_open
  File "/home/user/ClaudeTesting/src/main.py", line 27, in <module>
    from .notifier import TelegramNotifier
  File "/home/user/ClaudeTesting/src/notifier.py", line 4, in <module>
    from telegram import Bot
  File "/usr/local/lib/python3.11/dist-packages/telegram/__init__.py", line 326, in <module>
    from telegram._payment.stars.startransactions import StarTransaction, StarTransactions
  File "/usr/local/lib/python3.11/dist-packages/telegram/_payment/stars/startransactions.py", line 31, in <module>
    from .transactionpartner import TransactionPartner
  File "/usr/local/lib/python3.11/dist-packages/telegram/_payment/stars/transactionpartner.py", line 27, in <module>
    from telegram._gifts import Gift
  File "/usr/local/lib/python3.11/dist-packages/telegram/_gifts.py", line 26, in <module>
    from telegram._files.sticker import Sticker
  File "/usr/local/lib/python3.11/dist-packages/telegram/_files/sticker.py", line 26, in <module>
    from telegram._files.file import File
  File "/usr/local/lib/python3.11/dist-packages/telegram/_files/file.py", line 27, in <module>
    from telegram._passport.credentials import decrypt
  File "/usr/local/lib/python3.11/dist-packages/telegram/_passport/credentials.py", line 27, in <module>
    from cryptography.hazmat.primitives.asymmetric.padding import MGF1, OAEP
  File "/usr/lib/python3/dist-packages/cryptography/hazmat/primitives/asymmetric/padding.py", line 10, in <module>
    from cryptography.hazmat.primitives import hashes
  File "/usr/lib/python3/dist-packages/cryptography/hazmat/primitives/hashes.py", line 10, in <module>
    from cryptography.hazmat.bindings._rust import openssl as rust_openssl
pyo3_runtime.PanicException: Python API call failed

======================================================================
ERROR: test_first_of_month_before_10am (__main__.TestTimingLogic.test_first_of_month_before_10am)
1ì¼ ì˜¤ì „ 10ì‹œ ì´ì „ì´ë©´ ì˜¤ëŠ˜ 10:00 ë°˜í™˜.
----------------------------------------------------------------------
Traceback (most recent call last):
  File "/home/user/ClaudeTesting/tests/test_bot.py", line 206, in test_first_of_month_before_10am
    from src.main import next_reservation_open
  File "/home/user/ClaudeTesting/src/main.py", line 27, in <module>
    from .notifier import TelegramNotifier
  File "/home/user/ClaudeTesting/src/notifier.py", line 4, in <module>
    from telegram import Bot
  File "/usr/local/lib/python3.11/dist-packages/telegram/__init__.py", line 326, in <module>
    from telegram._payment.stars.startransactions import StarTransaction, StarTransactions
  File "/usr/local/lib/python3.11/dist-packages/telegram/_payment/stars/startransactions.py", line 31, in <module>
    from .transactionpartner import TransactionPartner
  File "/usr/local/lib/python3.11/dist-packages/telegram/_payment/stars/transactionpartner.py", line 27, in <module>
    from telegram._gifts import Gift
  File "/usr/local/lib/python3.11/dist-packages/telegram/_gifts.py", line 26, in <module>
    from telegram._files.sticker import Sticker
  File "/usr/local/lib/python3.11/dist-packages/telegram/_files/sticker.py", line 26, in <module>
    from telegram._files.file import File
  File "/usr/local/lib/python3.11/dist-packages/telegram/_files/file.py", line 27, in <module>
    from telegram._passport.credentials import decrypt
  File "/usr/local/lib/python3.11/dist-packages/telegram/_passport/credentials.py", line 27, in <module>
    from cryptography.hazmat.primitives.asymmetric.padding import MGF1, OAEP
  File "/usr/lib/python3/dist-packages/cryptography/hazmat/primitives/asymmetric/padding.py", line 10, in <module>
    from cryptography.hazmat.primitives import hashes
  File "/usr/lib/python3/dist-packages/cryptography/hazmat/primitives/hashes.py", line 10, in <module>
    from cryptography.hazmat.bindings._rust import openssl as rust_openssl
pyo3_runtime.PanicException: Python API call failed

======================================================================
ERROR: test_mid_month_returns_next_first (__main__.TestTimingLogic.test_mid_month_returns_next_first)
ì›” ì¤‘ê°„ì´ë©´ ë‹¤ìŒ ë‹¬ 1ì¼ 10:00 ë°˜í™˜.
----------------------------------------------------------------------
Traceback (most recent call last):
  File "/home/user/ClaudeTesting/tests/test_bot.py", line 232, in test_mid_month_returns_next_first
    from src.main import next_reservation_open
  File "/home/user/ClaudeTesting/src/main.py", line 27, in <module>
    from .notifier import TelegramNotifier
  File "/home/user/ClaudeTesting/src/notifier.py", line 4, in <module>
    from telegram import Bot
  File "/usr/local/lib/python3.11/dist-packages/telegram/__init__.py", line 326, in <module>
    from telegram._payment.stars.startransactions import StarTransaction, StarTransactions
  File "/usr/local/lib/python3.11/dist-packages/telegram/_payment/stars/startransactions.py", line 31, in <module>
    from .transactionpartner import TransactionPartner
  File "/usr/local/lib/python3.11/dist-packages/telegram/_payment/stars/transactionpartner.py", line 27, in <module>
    from telegram._gifts import Gift
  File "/usr/local/lib/python3.11/dist-packages/telegram/_gifts.py", line 26, in <module>
    from telegram._files.sticker import Sticker
  File "/usr/local/lib/python3.11/dist-packages/telegram/_files/sticker.py", line 26, in <module>
    from telegram._files.file import File
  File "/usr/local/lib/python3.11/dist-packages/telegram/_files/file.py", line 27, in <module>
    from telegram._passport.credentials import decrypt
  File "/usr/local/lib/python3.11/dist-packages/telegram/_passport/credentials.py", line 27, in <module>
    from cryptography.hazmat.primitives.asymmetric.padding import MGF1, OAEP
  File "/usr/lib/python3/dist-packages/cryptography/hazmat/primitives/asymmetric/padding.py", line 10, in <module>
    from cryptography.hazmat.primitives import hashes
  File "/usr/lib/python3/dist-packages/cryptography/hazmat/primitives/hashes.py", line 10, in <module>
    from cryptography.hazmat.bindings._rust import openssl as rust_openssl
pyo3_runtime.PanicException: Python API call failed

======================================================================
ERROR: test_sleep_until_near_future (__main__.TestTimingLogic.test_sleep_until_near_future)
0.1ì´ˆ í›„ ì‹œê°ì— sleep_until í˜¸ì¶œ ì‹œ ~0.1ì´ˆ ëŒ€ê¸°.
----------------------------------------------------------------------
Traceback (most recent call last):
  File "/home/user/ClaudeTesting/tests/test_bot.py", line 261, in test_sleep_until_near_future
    from src.main import sleep_until
  File "/home/user/ClaudeTesting/src/main.py", line 27, in <module>
    from .notifier import TelegramNotifier
  File "/home/user/ClaudeTesting/src/notifier.py", line 4, in <module>
    from telegram import Bot
  File "/usr/local/lib/python3.11/dist-packages/telegram/__init__.py", line 326, in <module>
    from telegram._payment.stars.startransactions import StarTransaction, StarTransactions
  File "/usr/local/lib/python3.11/dist-packages/telegram/_payment/stars/startransactions.py", line 31, in <module>
    from .transactionpartner import TransactionPartner
  File "/usr/local/lib/python3.11/dist-packages/telegram/_payment/stars/transactionpartner.py", line 27, in <module>
    from telegram._gifts import Gift
  File "/usr/local/lib/python3.11/dist-packages/telegram/_gifts.py", line 26, in <module>
    from telegram._files.sticker import Sticker
  File "/usr/local/lib/python3.11/dist-packages/telegram/_files/sticker.py", line 26, in <module>
    from telegram._files.file import File
  File "/usr/local/lib/python3.11/dist-packages/telegram/_files/file.py", line 27, in <module>
    from telegram._passport.credentials import decrypt
  File "/usr/local/lib/python3.11/dist-packages/telegram/_passport/credentials.py", line 27, in <module>
    from cryptography.hazmat.primitives.asymmetric.padding import MGF1, OAEP
  File "/usr/lib/python3/dist-packages/cryptography/hazmat/primitives/asymmetric/padding.py", line 10, in <module>
    from cryptography.hazmat.primitives import hashes
  File "/usr/lib/python3/dist-packages/cryptography/hazmat/primitives/hashes.py", line 10, in <module>
    from cryptography.hazmat.bindings._rust import openssl as rust_openssl
pyo3_runtime.PanicException: Python API call failed

======================================================================
ERROR: test_sleep_until_past_returns_immediately (__main__.TestTimingLogic.test_sleep_until_past_returns_immediately)
ê³¼ê±° ì‹œê°ì— sleep_until í˜¸ì¶œ ì‹œ ì¦‰ì‹œ ë°˜í™˜.
----------------------------------------------------------------------
Traceback (most recent call last):
  File "/home/user/ClaudeTesting/tests/test_bot.py", line 255, in test_sleep_until_past_returns_immediately
    from src.main import sleep_until
  File "/home/user/ClaudeTesting/src/main.py", line 27, in <module>
    from .notifier import TelegramNotifier
  File "/home/user/ClaudeTesting/src/notifier.py", line 4, in <module>
    from telegram import Bot
  File "/usr/local/lib/python3.11/dist-packages/telegram/__init__.py", line 326, in <module>
    from telegram._payment.stars.startransactions import StarTransaction, StarTransactions
  File "/usr/local/lib/python3.11/dist-packages/telegram/_payment/stars/startransactions.py", line 31, in <module>
    from .transactionpartner import TransactionPartner
  File "/usr/local/lib/python3.11/dist-packages/telegram/_payment/stars/transactionpartner.py", line 27, in <module>
    from telegram._gifts import Gift
  File "/usr/local/lib/python3.11/dist-packages/telegram/_gifts.py", line 26, in <module>
    from telegram._files.sticker import Sticker
  File "/usr/local/lib/python3.11/dist-packages/telegram/_files/sticker.py", line 26, in <module>
    from telegram._files.file import File
  File "/usr/local/lib/python3.11/dist-packages/telegram/_files/file.py", line 27, in <module>
    from telegram._passport.credentials import decrypt
  File "/usr/local/lib/python3.11/dist-packages/telegram/_passport/credentials.py", line 27, in <module>
    from cryptography.hazmat.primitives.asymmetric.padding import MGF1, OAEP
  File "/usr/lib/python3/dist-packages/cryptography/hazmat/primitives/asymmetric/padding.py", line 10, in <module>
    from cryptography.hazmat.primitives import hashes
  File "/usr/lib/python3/dist-packages/cryptography/hazmat/primitives/hashes.py", line 10, in <module>
    from cryptography.hazmat.bindings._rust import openssl as rust_openssl
pyo3_runtime.PanicException: Python API call failed

======================================================================
ERROR: test_init (__main__.TestTelegramNotifier.test_init)
----------------------------------------------------------------------
Traceback (most recent call last):
  File "/home/user/ClaudeTesting/tests/test_bot.py", line 282, in test_init
    n = self._make_notifier()
        ^^^^^^^^^^^^^^^^^^^^^
  File "/home/user/ClaudeTesting/tests/test_bot.py", line 278, in _make_notifier
    from src.notifier import TelegramNotifier
  File "/home/user/ClaudeTesting/src/notifier.py", line 4, in <module>
    from telegram import Bot
  File "/usr/local/lib/python3.11/dist-packages/telegram/__init__.py", line 326, in <module>
    from telegram._payment.stars.startransactions import StarTransaction, StarTransactions
  File "/usr/local/lib/python3.11/dist-packages/telegram/_payment/stars/startransactions.py", line 31, in <module>
    from .transactionpartner import TransactionPartner
  File "/usr/local/lib/python3.11/dist-packages/telegram/_payment/stars/transactionpartner.py", line 27, in <module>
    from telegram._gifts import Gift
  File "/usr/local/lib/python3.11/dist-packages/telegram/_gifts.py", line 26, in <module>
    from telegram._files.sticker import Sticker
  File "/usr/local/lib/python3.11/dist-packages/telegram/_files/sticker.py", line 26, in <module>
    from telegram._files.file import File
  File "/usr/local/lib/python3.11/dist-packages/telegram/_files/file.py", line 27, in <module>
    from telegram._passport.credentials import decrypt
  File "/usr/local/lib/python3.11/dist-packages/telegram/_passport/credentials.py", line 27, in <module>
    from cryptography.hazmat.primitives.asymmetric.padding import MGF1, OAEP
  File "/usr/lib/python3/dist-packages/cryptography/hazmat/primitives/asymmetric/padding.py", line 10, in <module>
    from cryptography.hazmat.primitives import hashes
  File "/usr/lib/python3/dist-packages/cryptography/hazmat/primitives/hashes.py", line 10, in <module>
    from cryptography.hazmat.bindings._rust import openssl as rust_openssl
pyo3_runtime.PanicException: Python API call failed

======================================================================
ERROR: test_notify_failure_with_screenshot_calls_send_photo (__main__.TestTelegramNotifier.test_notify_failure_with_screenshot_calls_send_photo)
ìŠ¤í¬ë¦°ìƒ· ê²½ë¡œ ìˆìœ¼ë©´ send_photo ì‚¬ìš©.
----------------------------------------------------------------------
Traceback (most recent call last):
  File "/home/user/ClaudeTesting/tests/test_bot.py", line 350, in test_notify_failure_with_screenshot_calls_send_photo
    from src.notifier import TelegramNotifier
  File "/home/user/ClaudeTesting/src/notifier.py", line 4, in <module>
    from telegram import Bot
  File "/usr/local/lib/python3.11/dist-packages/telegram/__init__.py", line 326, in <module>
    from telegram._payment.stars.startransactions import StarTransaction, StarTransactions
  File "/usr/local/lib/python3.11/dist-packages/telegram/_payment/stars/startransactions.py", line 31, in <module>
    from .transactionpartner import TransactionPartner
  File "/usr/local/lib/python3.11/dist-packages/telegram/_payment/stars/transactionpartner.py", line 27, in <module>
    from telegram._gifts import Gift
  File "/usr/local/lib/python3.11/dist-packages/telegram/_gifts.py", line 26, in <module>
    from telegram._files.sticker import Sticker
  File "/usr/local/lib/python3.11/dist-packages/telegram/_files/sticker.py", line 26, in <module>
    from telegram._files.file import File
  File "/usr/local/lib/python3.11/dist-packages/telegram/_files/file.py", line 27, in <module>
    from telegram._passport.credentials import decrypt
  File "/usr/local/lib/python3.11/dist-packages/telegram/_passport/credentials.py", line 27, in <module>
    from cryptography.hazmat.primitives.asymmetric.padding import MGF1, OAEP
  File "/usr/lib/python3/dist-packages/cryptography/hazmat/primitives/asymmetric/padding.py", line 10, in <module>
    from cryptography.hazmat.primitives import hashes
  File "/usr/lib/python3/dist-packages/cryptography/hazmat/primitives/hashes.py", line 10, in <module>
    from cryptography.hazmat.bindings._rust import openssl as rust_openssl
pyo3_runtime.PanicException: Python API call failed

======================================================================
ERROR: test_notify_failure_without_screenshot (__main__.TestTelegramNotifier.test_notify_failure_without_screenshot)
ìŠ¤í¬ë¦°ìƒ· ì—†ì´ notify_failure í˜¸ì¶œ ì‹œ send_message ì‚¬ìš©.
----------------------------------------------------------------------
Traceback (most recent call last):
  File "/home/user/ClaudeTesting/tests/test_bot.py", line 341, in test_notify_failure_without_screenshot
    from src.notifier import TelegramNotifier
  File "/home/user/ClaudeTesting/src/notifier.py", line 4, in <module>
    from telegram import Bot
  File "/usr/local/lib/python3.11/dist-packages/telegram/__init__.py", line 326, in <module>
    from telegram._payment.stars.startransactions import StarTransaction, StarTransactions
  File "/usr/local/lib/python3.11/dist-packages/telegram/_payment/stars/startransactions.py", line 31, in <module>
    from .transactionpartner import TransactionPartner
  File "/usr/local/lib/python3.11/dist-packages/telegram/_payment/stars/transactionpartner.py", line 27, in <module>
    from telegram._gifts import Gift
  File "/usr/local/lib/python3.11/dist-packages/telegram/_gifts.py", line 26, in <module>
    from telegram._files.sticker import Sticker
  File "/usr/local/lib/python3.11/dist-packages/telegram/_files/sticker.py", line 26, in <module>
    from telegram._files.file import File
  File "/usr/local/lib/python3.11/dist-packages/telegram/_files/file.py", line 27, in <module>
    from telegram._passport.credentials import decrypt
  File "/usr/local/lib/python3.11/dist-packages/telegram/_passport/credentials.py", line 27, in <module>
    from cryptography.hazmat.primitives.asymmetric.padding import MGF1, OAEP
  File "/usr/lib/python3/dist-packages/cryptography/hazmat/primitives/asymmetric/padding.py", line 10, in <module>
    from cryptography.hazmat.primitives import hashes
  File "/usr/lib/python3/dist-packages/cryptography/hazmat/primitives/hashes.py", line 10, in <module>
    from cryptography.hazmat.bindings._rust import openssl as rust_openssl
pyo3_runtime.PanicException: Python API call failed

======================================================================
ERROR: test_notify_success_calls_send_message (__main__.TestTelegramNotifier.test_notify_success_calls_send_message)
notify_successê°€ send_messageë¥¼ í˜¸ì¶œí•˜ëŠ”ì§€ í™•ì¸.
----------------------------------------------------------------------
Traceback (most recent call last):
  File "/home/user/ClaudeTesting/tests/test_bot.py", line 330, in test_notify_success_calls_send_message
    from src.notifier import TelegramNotifier
  File "/home/user/ClaudeTesting/src/notifier.py", line 4, in <module>
    from telegram import Bot
  File "/usr/local/lib/python3.11/dist-packages/telegram/__init__.py", line 326, in <module>
    from telegram._payment.stars.startransactions import StarTransaction, StarTransactions
  File "/usr/local/lib/python3.11/dist-packages/telegram/_payment/stars/startransactions.py", line 31, in <module>
    from .transactionpartner import TransactionPartner
  File "/usr/local/lib/python3.11/dist-packages/telegram/_payment/stars/transactionpartner.py", line 27, in <module>
    from telegram._gifts import Gift
  File "/usr/local/lib/python3.11/dist-packages/telegram/_gifts.py", line 26, in <module>
    from telegram._files.sticker import Sticker
  File "/usr/local/lib/python3.11/dist-packages/telegram/_files/sticker.py", line 26, in <module>
    from telegram._files.file import File
  File "/usr/local/lib/python3.11/dist-packages/telegram/_files/file.py", line 27, in <module>
    from telegram._passport.credentials import decrypt
  File "/usr/local/lib/python3.11/dist-packages/telegram/_passport/credentials.py", line 27, in <module>
    from cryptography.hazmat.primitives.asymmetric.padding import MGF1, OAEP
  File "/usr/lib/python3/dist-packages/cryptography/hazmat/primitives/asymmetric/padding.py", line 10, in <module>
    from cryptography.hazmat.primitives import hashes
  File "/usr/lib/python3/dist-packages/cryptography/hazmat/primitives/hashes.py", line 10, in <module>
    from cryptography.hazmat.bindings._rust import openssl as rust_openssl
pyo3_runtime.PanicException: Python API call failed

======================================================================
ERROR: test_send_message_success (__main__.TestTelegramNotifier.test_send_message_success)
send_messageê°€ Trueë¥¼ ë°˜í™˜í•˜ê³  ì˜ˆì™¸ ì—†ì´ ì¢…ë£Œ.
----------------------------------------------------------------------
Traceback (most recent call last):
  File "/home/user/ClaudeTesting/tests/test_bot.py", line 290, in test_send_message_success
    from src.notifier import TelegramNotifier
  File "/home/user/ClaudeTesting/src/notifier.py", line 4, in <module>
    from telegram import Bot
  File "/usr/local/lib/python3.11/dist-packages/telegram/__init__.py", line 326, in <module>
    from telegram._payment.stars.startransactions import StarTransaction, StarTransactions
  File "/usr/local/lib/python3.11/dist-packages/telegram/_payment/stars/startransactions.py", line 31, in <module>
    from .transactionpartner import TransactionPartner
  File "/usr/local/lib/python3.11/dist-packages/telegram/_payment/stars/transactionpartner.py", line 27, in <module>
    from telegram._gifts import Gift
  File "/usr/local/lib/python3.11/dist-packages/telegram/_gifts.py", line 26, in <module>
    from telegram._files.sticker import Sticker
  File "/usr/local/lib/python3.11/dist-packages/telegram/_files/sticker.py", line 26, in <module>
    from telegram._files.file import File
  File "/usr/local/lib/python3.11/dist-packages/telegram/_files/file.py", line 27, in <module>
    from telegram._passport.credentials import decrypt
  File "/usr/local/lib/python3.11/dist-packages/telegram/_passport/credentials.py", line 27, in <module>
    from cryptography.hazmat.primitives.asymmetric.padding import MGF1, OAEP
  File "/usr/lib/python3/dist-packages/cryptography/hazmat/primitives/asymmetric/padding.py", line 10, in <module>
    from cryptography.hazmat.primitives import hashes
  File "/usr/lib/python3/dist-packages/cryptography/hazmat/primitives/hashes.py", line 10, in <module>
    from cryptography.hazmat.bindings._rust import openssl as rust_openssl
pyo3_runtime.PanicException: Python API call failed

======================================================================
ERROR: test_send_message_telegram_error_returns_false (__main__.TestTelegramNotifier.test_send_message_telegram_error_returns_false)
TelegramError ë°œìƒ ì‹œ ì˜ˆì™¸ ì—†ì´ False ë°˜í™˜.
----------------------------------------------------------------------
Traceback (most recent call last):
  File "/home/user/ClaudeTesting/tests/test_bot.py", line 302, in test_send_message_telegram_error_returns_false
    from telegram.error import TelegramError
  File "/usr/local/lib/python3.11/dist-packages/telegram/__init__.py", line 326, in <module>
    from telegram._payment.stars.startransactions import StarTransaction, StarTransactions
  File "/usr/local/lib/python3.11/dist-packages/telegram/_payment/stars/startransactions.py", line 31, in <module>
    from .transactionpartner import TransactionPartner
  File "/usr/local/lib/python3.11/dist-packages/telegram/_payment/stars/transactionpartner.py", line 27, in <module>
    from telegram._gifts import Gift
  File "/usr/local/lib/python3.11/dist-packages/telegram/_gifts.py", line 26, in <module>
    from telegram._files.sticker import Sticker
  File "/usr/local/lib/python3.11/dist-packages/telegram/_files/sticker.py", line 26, in <module>
    from telegram._files.file import File
  File "/usr/local/lib/python3.11/dist-packages/telegram/_files/file.py", line 27, in <module>
    from telegram._passport.credentials import decrypt
  File "/usr/local/lib/python3.11/dist-packages/telegram/_passport/credentials.py", line 27, in <module>
    from cryptography.hazmat.primitives.asymmetric.padding import MGF1, OAEP
  File "/usr/lib/python3/dist-packages/cryptography/hazmat/primitives/asymmetric/padding.py", line 10, in <module>
    from cryptography.hazmat.primitives import hashes
  File "/usr/lib/python3/dist-packages/cryptography/hazmat/primitives/hashes.py", line 10, in <module>
    from cryptography.hazmat.bindings._rust import openssl as rust_openssl
pyo3_runtime.PanicException: Python API call failed

======================================================================
ERROR: test_send_photo_fallback_when_file_missing (__main__.TestTelegramNotifier.test_send_photo_fallback_when_file_missing)
ìŠ¤í¬ë¦°ìƒ· íŒŒì¼ ì—†ìœ¼ë©´ send_messageë¡œ í´ë°±.
----------------------------------------------------------------------
Traceback (most recent call last):
  File "/home/user/ClaudeTesting/tests/test_bot.py", line 315, in test_send_photo_fallback_when_file_missing
    from src.notifier import TelegramNotifier
  File "/home/user/ClaudeTesting/src/notifier.py", line 4, in <module>
    from telegram import Bot
  File "/usr/local/lib/python3.11/dist-packages/telegram/__init__.py", line 326, in <module>
    from telegram._payment.stars.startransactions import StarTransaction, StarTransactions
  File "/usr/local/lib/python3.11/dist-packages/telegram/_payment/stars/startransactions.py", line 31, in <module>
    from .transactionpartner import TransactionPartner
  File "/usr/local/lib/python3.11/dist-packages/telegram/_payment/stars/transactionpartner.py", line 27, in <module>
    from telegram._gifts import Gift
  File "/usr/local/lib/python3.11/dist-packages/telegram/_gifts.py", line 26, in <module>
    from telegram._files.sticker import Sticker
  File "/usr/local/lib/python3.11/dist-packages/telegram/_files/sticker.py", line 26, in <module>
    from telegram._files.file import File
  File "/usr/local/lib/python3.11/dist-packages/telegram/_files/file.py", line 27, in <module>
    from telegram._passport.credentials import decrypt
  File "/usr/local/lib/python3.11/dist-packages/telegram/_passport/credentials.py", line 27, in <module>
    from cryptography.hazmat.primitives.asymmetric.padding import MGF1, OAEP
  File "/usr/lib/python3/dist-packages/cryptography/hazmat/primitives/asymmetric/padding.py", line 10, in <module>
    from cryptography.hazmat.primitives import hashes
  File "/usr/lib/python3/dist-packages/cryptography/hazmat/primitives/hashes.py", line 10, in <module>
    from cryptography.hazmat.bindings._rust import openssl as rust_openssl
pyo3_runtime.PanicException: Python API call failed

----------------------------------------------------------------------
Ran 32 tests in 0.388s

FAILED (errors=15)
============================================================
í•©ê³„: 32  í†µê³¼: 17  ì‹¤íŒ¨: 0  ì˜¤ë¥˜: 15

ì‹¤íŒ¨/ì˜¤ë¥˜ ìƒì„¸:

â–¸ test_import_main (__main__.TestImports.test_import_main)
Traceback (most recent call last):
  File "/home/user/ClaudeTesting/tests/test_bot.py", line 60, in test_import_main
    from src import main
  File "/home/user/ClaudeTesting/src/main.py", line 27, in <module>
    from .notifier import TelegramNotifier
  File "/home/user/ClaudeTesting/src/notifier.py", line 4, in <module>
    from telegram import Bot
  File "/usr/local/lib/python3.11/dist-packages/telegram/__init__.py", line 326, in <module>
    from telegram._payment.stars.startransactions import StarTransaction, StarTransactions
  File "/usr/local/lib/python3.11/dist-packages/telegram/_payment/stars/startransactions.py", line 31, in <module>
    from .transactionpartner import TransactionPartner
  File "/usr/local/lib/python3.11/dist-packages/telegram/_payment/stars/transactionpartner.py", line 27, in <module>
    from telegram._gifts import Gift
  File "/usr/local/lib/python3.11/dist-packages/telegram/_gifts.py", line 26, in <module>
    from telegram._files.sticker import Sticker
  File "/usr/local/lib/python3.11/dist-packages/telegram/_files/sticker.py", line 26, in <module>
    from telegram._files.file import File
  File "/usr/local/lib/python3.11/dist-packages/telegram/_files/file.py", line 27, in <module>
    from telegram._passport.credentials import decrypt
  File "/usr/local/lib/python3.11/dist-packages/telegram/_passport/credentials.py", line 27, in <module>
    from cryptography.hazmat.primitives.asymmetric.padding import MGF1, OAEP
  File "/usr/lib/python3/dist-packages/cryptography/hazmat/primitives/asymmetric/padding.py", line 10, in <module>
    from cryptography.hazmat.primitives import hashes
  File "/usr/lib/python3/dist-packages/cryptography/hazmat/primitives/hashes.py", line 10, in <module>
    from cryptography.hazmat.bindings._rust import openssl as rust_openssl
pyo3_runtime.PanicException: Python API call failed


â–¸ test_import_notifier (__main__.TestImports.test_import_notifier)
Traceback (most recent call last):
  File "/home/user/ClaudeTesting/tests/test_bot.py", line 49, in test_import_notifier
    from src import notifier
  File "/home/user/ClaudeTesting/src/notifier.py", line 4, in <module>
    from telegram import Bot
  File "/usr/local/lib/python3.11/dist-packages/telegram/__init__.py", line 326, in <module>
    from telegram._payment.stars.startransactions import StarTransaction, StarTransactions
  File "/usr/local/lib/python3.11/dist-packages/telegram/_payment/stars/startransactions.py", line 31, in <module>
    from .transactionpartner import TransactionPartner
  File "/usr/local/lib/python3.11/dist-packages/telegram/_payment/stars/transactionpartner.py", line 27, in <module>
    from telegram._gifts import Gift
  File "/usr/local/lib/python3.11/dist-packages/telegram/_gifts.py", line 26, in <module>
    from telegram._files.sticker import Sticker
  File "/usr/local/lib/python3.11/dist-packages/telegram/_files/sticker.py", line 26, in <module>
    from telegram._files.file import File
  File "/usr/local/lib/python3.11/dist-packages/telegram/_files/file.py", line 27, in <module>
    from telegram._passport.credentials import decrypt
  File "/usr/local/lib/python3.11/dist-packages/telegram/_passport/credentials.py", line 27, in <module>
    from cryptography.hazmat.primitives.asymmetric.padding import MGF1, OAEP
  File "/usr/lib/python3/dist-packages/cryptography/hazmat/primitives/asymmetric/padding.py", line 10, in <module>
    from cryptography.hazmat.primitives import hashes
  File "/usr/lib/python3/dist-packages/cryptography/hazmat/primitives/hashes.py", line 10, in <module>
    from cryptography.hazmat.bindings._rust import openssl as rust_openssl
pyo3_runtime.PanicException: Python API call failed


â–¸ test_december_rolls_to_january (__main__.TestTimingLogic.test_december_rolls_to_january)
Traceback (most recent call last):
  File "/home/user/ClaudeTesting/tests/test_bot.py", line 243, in test_december_rolls_to_january
    from src.main import next_reservation_open
  File "/home/user/ClaudeTesting/src/main.py", line 27, in <module>
    from .notifier import TelegramNotifier
  File "/home/user/ClaudeTesting/src/notifier.py", line 4, in <module>
    from telegram import Bot
  File "/usr/local/lib/python3.11/dist-packages/telegram/__init__.py", line 326, in <module>
    from telegram._payment.stars.startransactions import StarTransaction, StarTransactions
  File "/usr/local/lib/python3.11/dist-packages/telegram/_payment/stars/startransactions.py", line 31, in <module>
    from .transactionpartner import TransactionPartner
  File "/usr/local/lib/python3.11/dist-packages/telegram/_payment/stars/transactionpartner.py", line 27, in <module>
    from telegram._gifts import Gift
  File "/usr/local/lib/python3.11/dist-packages/telegram/_gifts.py", line 26, in <module>
    from telegram._files.sticker import Sticker
  File "/usr/local/lib/python3.11/dist-packages/telegram/_files/sticker.py", line 26, in <module>
    from telegram._files.file import File
  File "/usr/local/lib/python3.11/dist-packages/telegram/_files/file.py", line 27, in <module>
    from telegram._passport.credentials import decrypt
  File "/usr/local/lib/python3.11/dist-packages/telegram/_passport/credentials.py", line 27, in <module>
    from cryptography.hazmat.primitives.asymmetric.padding import MGF1, OAEP
  File "/usr/lib/python3/dist-packages/cryptography/hazmat/primitives/asymmetric/padding.py", line 10, in <module>
    from cryptography.hazmat.primitives import hashes
  File "/usr/lib/python3/dist-packages/cryptography/hazmat/primitives/hashes.py", line 10, in <module>
    from cryptography.hazmat.bindings._rust import openssl as rust_openssl
pyo3_runtime.PanicException: Python API call failed


â–¸ test_first_of_month_after_10am (__main__.TestTimingLogic.test_first_of_month_after_10am)
Traceback (most recent call last):
  File "/home/user/ClaudeTesting/tests/test_bot.py", line 220, in test_first_of_month_after_10am
    from src.main import next_reservation_open
  File "/home/user/ClaudeTesting/src/main.py", line 27, in <module>
    from .notifier import TelegramNotifier
  File "/home/user/ClaudeTesting/src/notifier.py", line 4, in <module>
    from telegram import Bot
  File "/usr/local/lib/python3.11/dist-packages/telegram/__init__.py", line 326, in <module>
    from telegram._payment.stars.startransactions import StarTransaction, StarTransactions
  File "/usr/local/lib/python3.11/dist-packages/telegram/_payment/stars/startransactions.py", line 31, in <module>
    from .transactionpartner import TransactionPartner
  File "/usr/local/lib/python3.11/dist-packages/telegram/_payment/stars/transactionpartner.py", line 27, in <module>
    from telegram._gifts import Gift
  File "/usr/local/lib/python3.11/dist-packages/telegram/_gifts.py", line 26, in <module>
    from telegram._files.sticker import Sticker
  File "/usr/local/lib/python3.11/dist-packages/telegram/_files/sticker.py", line 26, in <module>
    from telegram._files.file import File
  File "/usr/local/lib/python3.11/dist-packages/telegram/_files/file.py", line 27, in <module>
    from telegram._passport.credentials import decrypt
  File "/usr/local/lib/python3.11/dist-packages/telegram/_passport/credentials.py", line 27, in <module>
    from cryptography.hazmat.primitives.asymmetric.padding import MGF1, OAEP
  File "/usr/lib/python3/dist-packages/cryptography/hazmat/primitives/asymmetric/padding.py", line 10, in <module>
    from cryptography.hazmat.primitives import hashes
  File "/usr/lib/python3/dist-packages/cryptography/hazmat/primitives/hashes.py", line 10, in <module>
    from cryptography.hazmat.bindings._rust import openssl as rust_openssl
pyo3_runtime.PanicException: Python API call failed


â–¸ test_first_of_month_before_10am (__main__.TestTimingLogic.test_first_of_month_before_10am)
Traceback (most recent call last):
  File "/home/user/ClaudeTesting/tests/test_bot.py", line 206, in test_first_of_month_before_10am
    from src.main import next_reservation_open
  File "/home/user/ClaudeTesting/src/main.py", line 27, in <module>
    from .notifier import TelegramNotifier
  File "/home/user/ClaudeTesting/src/notifier.py", line 4, in <module>
    from telegram import Bot
  File "/usr/local/lib/python3.11/dist-packages/telegram/__init__.py", line 326, in <module>
    from telegram._payment.stars.startransactions import StarTransaction, StarTransactions
  File "/usr/local/lib/python3.11/dist-packages/telegram/_payment/stars/startransactions.py", line 31, in <module>
    from .transactionpartner import TransactionPartner
  File "/usr/local/lib/python3.11/dist-packages/telegram/_payment/stars/transactionpartner.py", line 27, in <module>
    from telegram._gifts import Gift
  File "/usr/local/lib/python3.11/dist-packages/telegram/_gifts.py", line 26, in <module>
    from telegram._files.sticker import Sticker
  File "/usr/local/lib/python3.11/dist-packages/telegram/_files/sticker.py", line 26, in <module>
    from telegram._files.file import File
  File "/usr/local/lib/python3.11/dist-packages/telegram/_files/file.py", line 27, in <module>
    from telegram._passport.credentials import decrypt
  File "/usr/local/lib/python3.11/dist-packages/telegram/_passport/credentials.py", line 27, in <module>
    from cryptography.hazmat.primitives.asymmetric.padding import MGF1, OAEP
  File "/usr/lib/python3/dist-packages/cryptography/hazmat/primitives/asymmetric/padding.py", line 10, in <module>
    from cryptography.hazmat.primitives import hashes
  File "/usr/lib/python3/dist-packages/cryptography/hazmat/primitives/hashes.py", line 10, in <module>
    from cryptography.hazmat.bindings._rust import openssl as rust_openssl
pyo3_runtime.PanicException: Python API call failed


â–¸ test_mid_month_returns_next_first (__main__.TestTimingLogic.test_mid_month_returns_next_first)
Traceback (most recent call last):
  File "/home/user/ClaudeTesting/tests/test_bot.py", line 232, in test_mid_month_returns_next_first
    from src.main import next_reservation_open
  File "/home/user/ClaudeTesting/src/main.py", line 27, in <module>
    from .notifier import TelegramNotifier
  File "/home/user/ClaudeTesting/src/notifier.py", line 4, in <module>
    from telegram import Bot
  File "/usr/local/lib/python3.11/dist-packages/telegram/__init__.py", line 326, in <module>
    from telegram._payment.stars.startransactions import StarTransaction, StarTransactions
  File "/usr/local/lib/python3.11/dist-packages/telegram/_payment/stars/startransactions.py", line 31, in <module>
    from .transactionpartner import TransactionPartner
  File "/usr/local/lib/python3.11/dist-packages/telegram/_payment/stars/transactionpartner.py", line 27, in <module>
    from telegram._gifts import Gift
  File "/usr/local/lib/python3.11/dist-packages/telegram/_gifts.py", line 26, in <module>
    from telegram._files.sticker import Sticker
  File "/usr/local/lib/python3.11/dist-packages/telegram/_files/sticker.py", line 26, in <module>
    from telegram._files.file import File
  File "/usr/local/lib/python3.11/dist-packages/telegram/_files/file.py", line 27, in <module>
    from telegram._passport.credentials import decrypt
  File "/usr/local/lib/python3.11/dist-packages/telegram/_passport/credentials.py", line 27, in <module>
    from cryptography.hazmat.primitives.asymmetric.padding import MGF1, OAEP
  File "/usr/lib/python3/dist-packages/cryptography/hazmat/primitives/asymmetric/padding.py", line 10, in <module>
    from cryptography.hazmat.primitives import hashes
  File "/usr/lib/python3/dist-packages/cryptography/hazmat/primitives/hashes.py", line 10, in <module>
    from cryptography.hazmat.bindings._rust import openssl as rust_openssl
pyo3_runtime.PanicException: Python API call failed


â–¸ test_sleep_until_near_future (__main__.TestTimingLogic.test_sleep_until_near_future)
Traceback (most recent call last):
  File "/home/user/ClaudeTesting/tests/test_bot.py", line 261, in test_sleep_until_near_future
    from src.main import sleep_until
  File "/home/user/ClaudeTesting/src/main.py", line 27, in <module>
    from .notifier import TelegramNotifier
  File "/home/user/ClaudeTesting/src/notifier.py", line 4, in <module>
    from telegram import Bot
  File "/usr/local/lib/python3.11/dist-packages/telegram/__init__.py", line 326, in <module>
    from telegram._payment.stars.startransactions import StarTransaction, StarTransactions
  File "/usr/local/lib/python3.11/dist-packages/telegram/_payment/stars/startransactions.py", line 31, in <module>
    from .transactionpartner import TransactionPartner
  File "/usr/local/lib/python3.11/dist-packages/telegram/_payment/stars/transactionpartner.py", line 27, in <module>
    from telegram._gifts import Gift
  File "/usr/local/lib/python3.11/dist-packages/telegram/_gifts.py", line 26, in <module>
    from telegram._files.sticker import Sticker
  File "/usr/local/lib/python3.11/dist-packages/telegram/_files/sticker.py", line 26, in <module>
    from telegram._files.file import File
  File "/usr/local/lib/python3.11/dist-packages/telegram/_files/file.py", line 27, in <module>
    from telegram._passport.credentials import decrypt
  File "/usr/local/lib/python3.11/dist-packages/telegram/_passport/credentials.py", line 27, in <module>
    from cryptography.hazmat.primitives.asymmetric.padding import MGF1, OAEP
  File "/usr/lib/python3/dist-packages/cryptography/hazmat/primitives/asymmetric/padding.py", line 10, in <module>
    from cryptography.hazmat.primitives import hashes
  File "/usr/lib/python3/dist-packages/cryptography/hazmat/primitives/hashes.py", line 10, in <module>
    from cryptography.hazmat.bindings._rust import openssl as rust_openssl
pyo3_runtime.PanicException: Python API call failed


â–¸ test_sleep_until_past_returns_immediately (__main__.TestTimingLogic.test_sleep_until_past_returns_immediately)
Traceback (most recent call last):
  File "/home/user/ClaudeTesting/tests/test_bot.py", line 255, in test_sleep_until_past_returns_immediately
    from src.main import sleep_until
  File "/home/user/ClaudeTesting/src/main.py", line 27, in <module>
    from .notifier import TelegramNotifier
  File "/home/user/ClaudeTesting/src/notifier.py", line 4, in <module>
    from telegram import Bot
  File "/usr/local/lib/python3.11/dist-packages/telegram/__init__.py", line 326, in <module>
    from telegram._payment.stars.startransactions import StarTransaction, StarTransactions
  File "/usr/local/lib/python3.11/dist-packages/telegram/_payment/stars/startransactions.py", line 31, in <module>
    from .transactionpartner import TransactionPartner
  File "/usr/local/lib/python3.11/dist-packages/telegram/_payment/stars/transactionpartner.py", line 27, in <module>
    from telegram._gifts import Gift
  File "/usr/local/lib/python3.11/dist-packages/telegram/_gifts.py", line 26, in <module>
    from telegram._files.sticker import Sticker
  File "/usr/local/lib/python3.11/dist-packages/telegram/_files/sticker.py", line 26, in <module>
    from telegram._files.file import File
  File "/usr/local/lib/python3.11/dist-packages/telegram/_files/file.py", line 27, in <module>
    from telegram._passport.credentials import decrypt
  File "/usr/local/lib/python3.11/dist-packages/telegram/_passport/credentials.py", line 27, in <module>
    from cryptography.hazmat.primitives.asymmetric.padding import MGF1, OAEP
  File "/usr/lib/python3/dist-packages/cryptography/hazmat/primitives/asymmetric/padding.py", line 10, in <module>
    from cryptography.hazmat.primitives import hashes
  File "/usr/lib/python3/dist-packages/cryptography/hazmat/primitives/hashes.py", line 10, in <module>
    from cryptography.hazmat.bindings._rust import openssl as rust_openssl
pyo3_runtime.PanicException: Python API call failed


â–¸ test_init (__main__.TestTelegramNotifier.test_init)
Traceback (most recent call last):
  File "/home/user/ClaudeTesting/tests/test_bot.py", line 282, in test_init
    n = self._make_notifier()
        ^^^^^^^^^^^^^^^^^^^^^
  File "/home/user/ClaudeTesting/tests/test_bot.py", line 278, in _make_notifier
    from src.notifier import TelegramNotifier
  File "/home/user/ClaudeTesting/src/notifier.py", line 4, in <module>
    from telegram import Bot
  File "/usr/local/lib/python3.11/dist-packages/telegram/__init__.py", line 326, in <module>
    from telegram._payment.stars.startransactions import StarTransaction, StarTransactions
  File "/usr/local/lib/python3.11/dist-packages/telegram/_payment/stars/startransactions.py", line 31, in <module>
    from .transactionpartner import TransactionPartner
  File "/usr/local/lib/python3.11/dist-packages/telegram/_payment/stars/transactionpartner.py", line 27, in <module>
    from telegram._gifts import Gift
  File "/usr/local/lib/python3.11/dist-packages/telegram/_gifts.py", line 26, in <module>
    from telegram._files.sticker import Sticker
  File "/usr/local/lib/python3.11/dist-packages/telegram/_files/sticker.py", line 26, in <module>
    from telegram._files.file import File
  File "/usr/local/lib/python3.11/dist-packages/telegram/_files/file.py", line 27, in <module>
    from telegram._passport.credentials import decrypt
  File "/usr/local/lib/python3.11/dist-packages/telegram/_passport/credentials.py", line 27, in <module>
    from cryptography.hazmat.primitives.asymmetric.padding import MGF1, OAEP
  File "/usr/lib/python3/dist-packages/cryptography/hazmat/primitives/asymmetric/padding.py", line 10, in <module>
    from cryptography.hazmat.primitives import hashes
  File "/usr/lib/python3/dist-packages/cryptography/hazmat/primitives/hashes.py", line 10, in <module>
    from cryptography.hazmat.bindings._rust import openssl as rust_openssl
pyo3_runtime.PanicException: Python API call failed


â–¸ test_notify_failure_with_screenshot_calls_send_photo (__main__.TestTelegramNotifier.test_notify_failure_with_screenshot_calls_send_photo)
Traceback (most recent call last):
  File "/home/user/ClaudeTesting/tests/test_bot.py", line 350, in test_notify_failure_with_screenshot_calls_send_photo
    from src.notifier import TelegramNotifier
  File "/home/user/ClaudeTesting/src/notifier.py", line 4, in <module>
    from telegram import Bot
  File "/usr/local/lib/python3.11/dist-packages/telegram/__init__.py", line 326, in <module>
    from telegram._payment.stars.startransactions import StarTransaction, StarTransactions
  File "/usr/local/lib/python3.11/dist-packages/telegram/_payment/stars/startransactions.py", line 31, in <module>
    from .transactionpartner import TransactionPartner
  File "/usr/local/lib/python3.11/dist-packages/telegram/_payment/stars/transactionpartner.py", line 27, in <module>
    from telegram._gifts import Gift
  File "/usr/local/lib/python3.11/dist-packages/telegram/_gifts.py", line 26, in <module>
    from telegram._files.sticker import Sticker
  File "/usr/local/lib/python3.11/dist-packages/telegram/_files/sticker.py", line 26, in <module>
    from telegram._files.file import File
  File "/usr/local/lib/python3.11/dist-packages/telegram/_files/file.py", line 27, in <module>
    from telegram._passport.credentials import decrypt
  File "/usr/local/lib/python3.11/dist-packages/telegram/_passport/credentials.py", line 27, in <module>
    from cryptography.hazmat.primitives.asymmetric.padding import MGF1, OAEP
  File "/usr/lib/python3/dist-packages/cryptography/hazmat/primitives/asymmetric/padding.py", line 10, in <module>
    from cryptography.hazmat.primitives import hashes
  File "/usr/lib/python3/dist-packages/cryptography/hazmat/primitives/hashes.py", line 10, in <module>
    from cryptography.hazmat.bindings._rust import openssl as rust_openssl
pyo3_runtime.PanicException: Python API call failed


â–¸ test_notify_failure_without_screenshot (__main__.TestTelegramNotifier.test_notify_failure_without_screenshot)
Traceback (most recent call last):
  File "/home/user/ClaudeTesting/tests/test_bot.py", line 341, in test_notify_failure_without_screenshot
    from src.notifier import TelegramNotifier
  File "/home/user/ClaudeTesting/src/notifier.py", line 4, in <module>
    from telegram import Bot
  File "/usr/local/lib/python3.11/dist-packages/telegram/__init__.py", line 326, in <module>
    from telegram._payment.stars.startransactions import StarTransaction, StarTransactions
  File "/usr/local/lib/python3.11/dist-packages/telegram/_payment/stars/startransactions.py", line 31, in <module>
    from .transactionpartner import TransactionPartner
  File "/usr/local/lib/python3.11/dist-packages/telegram/_payment/stars/transactionpartner.py", line 27, in <module>
    from telegram._gifts import Gift
  File "/usr/local/lib/python3.11/dist-packages/telegram/_gifts.py", line 26, in <module>
    from telegram._files.sticker import Sticker
  File "/usr/local/lib/python3.11/dist-packages/telegram/_files/sticker.py", line 26, in <module>
    from telegram._files.file import File
  File "/usr/local/lib/python3.11/dist-packages/telegram/_files/file.py", line 27, in <module>
    from telegram._passport.credentials import decrypt
  File "/usr/local/lib/python3.11/dist-packages/telegram/_passport/credentials.py", line 27, in <module>
    from cryptography.hazmat.primitives.asymmetric.padding import MGF1, OAEP
  File "/usr/lib/python3/dist-packages/cryptography/hazmat/primitives/asymmetric/padding.py", line 10, in <module>
    from cryptography.hazmat.primitives import hashes
  File "/usr/lib/python3/dist-packages/cryptography/hazmat/primitives/hashes.py", line 10, in <module>
    from cryptography.hazmat.bindings._rust import openssl as rust_openssl
pyo3_runtime.PanicException: Python API call failed


â–¸ test_notify_success_calls_send_message (__main__.TestTelegramNotifier.test_notify_success_calls_send_message)
Traceback (most recent call last):
  File "/home/user/ClaudeTesting/tests/test_bot.py", line 330, in test_notify_success_calls_send_message
    from src.notifier import TelegramNotifier
  File "/home/user/ClaudeTesting/src/notifier.py", line 4, in <module>
    from telegram import Bot
  File "/usr/local/lib/python3.11/dist-packages/telegram/__init__.py", line 326, in <module>
    from telegram._payment.stars.startransactions import StarTransaction, StarTransactions
  File "/usr/local/lib/python3.11/dist-packages/telegram/_payment/stars/startransactions.py", line 31, in <module>
    from .transactionpartner import TransactionPartner
  File "/usr/local/lib/python3.11/dist-packages/telegram/_payment/stars/transactionpartner.py", line 27, in <module>
    from telegram._gifts import Gift
  File "/usr/local/lib/python3.11/dist-packages/telegram/_gifts.py", line 26, in <module>
    from telegram._files.sticker import Sticker
  File "/usr/local/lib/python3.11/dist-packages/telegram/_files/sticker.py", line 26, in <module>
    from telegram._files.file import File
  File "/usr/local/lib/python3.11/dist-packages/telegram/_files/file.py", line 27, in <module>
    from telegram._passport.credentials import decrypt
  File "/usr/local/lib/python3.11/dist-packages/telegram/_passport/credentials.py", line 27, in <module>
    from cryptography.hazmat.primitives.asymmetric.padding import MGF1, OAEP
  File "/usr/lib/python3/dist-packages/cryptography/hazmat/primitives/asymmetric/padding.py", line 10, in <module>
    from cryptography.hazmat.primitives import hashes
  File "/usr/lib/python3/dist-packages/cryptography/hazmat/primitives/hashes.py", line 10, in <module>
    from cryptography.hazmat.bindings._rust import openssl as rust_openssl
pyo3_runtime.PanicException: Python API call failed


â–¸ test_send_message_success (__main__.TestTelegramNotifier.test_send_message_success)
Traceback (most recent call last):
  File "/home/user/ClaudeTesting/tests/test_bot.py", line 290, in test_send_message_success
    from src.notifier import TelegramNotifier
  File "/home/user/ClaudeTesting/src/notifier.py", line 4, in <module>
    from telegram import Bot
  File "/usr/local/lib/python3.11/dist-packages/telegram/__init__.py", line 326, in <module>
    from telegram._payment.stars.startransactions import StarTransaction, StarTransactions
  File "/usr/local/lib/python3.11/dist-packages/telegram/_payment/stars/startransactions.py", line 31, in <module>
    from .transactionpartner import TransactionPartner
  File "/usr/local/lib/python3.11/dist-packages/telegram/_payment/stars/transactionpartner.py", line 27, in <module>
    from telegram._gifts import Gift
  File "/usr/local/lib/python3.11/dist-packages/telegram/_gifts.py", line 26, in <module>
    from telegram._files.sticker import Sticker
  File "/usr/local/lib/python3.11/dist-packages/telegram/_files/sticker.py", line 26, in <module>
    from telegram._files.file import File
  File "/usr/local/lib/python3.11/dist-packages/telegram/_files/file.py", line 27, in <module>
    from telegram._passport.credentials import decrypt
  File "/usr/local/lib/python3.11/dist-packages/telegram/_passport/credentials.py", line 27, in <module>
    from cryptography.hazmat.primitives.asymmetric.padding import MGF1, OAEP
  File "/usr/lib/python3/dist-packages/cryptography/hazmat/primitives/asymmetric/padding.py", line 10, in <module>
    from cryptography.hazmat.primitives import hashes
  File "/usr/lib/python3/dist-packages/cryptography/hazmat/primitives/hashes.py", line 10, in <module>
    from cryptography.hazmat.bindings._rust import openssl as rust_openssl
pyo3_runtime.PanicException: Python API call failed


â–¸ test_send_message_telegram_error_returns_false (__main__.TestTelegramNotifier.test_send_message_telegram_error_returns_false)
Traceback (most recent call last):
  File "/home/user/ClaudeTesting/tests/test_bot.py", line 302, in test_send_message_telegram_error_returns_false
    from telegram.error import TelegramError
  File "/usr/local/lib/python3.11/dist-packages/telegram/__init__.py", line 326, in <module>
    from telegram._payment.stars.startransactions import StarTransaction, StarTransactions
  File "/usr/local/lib/python3.11/dist-packages/telegram/_payment/stars/startransactions.py", line 31, in <module>
    from .transactionpartner import TransactionPartner
  File "/usr/local/lib/python3.11/dist-packages/telegram/_payment/stars/transactionpartner.py", line 27, in <module>
    from telegram._gifts import Gift
  File "/usr/local/lib/python3.11/dist-packages/telegram/_gifts.py", line 26, in <module>
    from telegram._files.sticker import Sticker
  File "/usr/local/lib/python3.11/dist-packages/telegram/_files/sticker.py", line 26, in <module>
    from telegram._files.file import File
  File "/usr/local/lib/python3.11/dist-packages/telegram/_files/file.py", line 27, in <module>
    from telegram._passport.credentials import decrypt
  File "/usr/local/lib/python3.11/dist-packages/telegram/_passport/credentials.py", line 27, in <module>
    from cryptography.hazmat.primitives.asymmetric.padding import MGF1, OAEP
  File "/usr/lib/python3/dist-packages/cryptography/hazmat/primitives/asymmetric/padding.py", line 10, in <module>
    from cryptography.hazmat.primitives import hashes
  File "/usr/lib/python3/dist-packages/cryptography/hazmat/primitives/hashes.py", line 10, in <module>
    from cryptography.hazmat.bindings._rust import openssl as rust_openssl
pyo3_runtime.PanicException: Python API call failed


â–¸ test_send_photo_fallback_when_file_missing (__main__.TestTelegramNotifier.test_send_photo_fallback_when_file_missing)
Traceback (most recent call last):
  File "/home/user/ClaudeTesting/tests/test_bot.py", line 315, in test_send_photo_fallback_when_file_missing
    from src.notifier import TelegramNotifier
  File "/home/user/ClaudeTesting/src/notifier.py", line 4, in <module>
    from telegram import Bot
  File "/usr/local/lib/python3.11/dist-packages/telegram/__init__.py", line 326, in <module>
    from telegram._payment.stars.startransactions import StarTransaction, StarTransactions
  File "/usr/local/lib/python3.11/dist-packages/telegram/_payment/stars/startransactions.py", line 31, in <module>
    from .transactionpartner import TransactionPartner
  File "/usr/local/lib/python3.11/dist-packages/telegram/_payment/stars/transactionpartner.py", line 27, in <module>
    from telegram._gifts import Gift
  File "/usr/local/lib/python3.11/dist-packages/telegram/_gifts.py", line 26, in <module>
    from telegram._files.sticker import Sticker
  File "/usr/local/lib/python3.11/dist-packages/telegram/_files/sticker.py", line 26, in <module>
    from telegram._files.file import File
  File "/usr/local/lib/python3.11/dist-packages/telegram/_files/file.py", line 27, in <module>
    from telegram._passport.credentials import decrypt
  File "/usr/local/lib/python3.11/dist-packages/telegram/_passport/credentials.py", line 27, in <module>
    from cryptography.hazmat.primitives.asymmetric.padding import MGF1, OAEP
  File "/usr/lib/python3/dist-packages/cryptography/hazmat/primitives/asymmetric/padding.py", line 10, in <module>
    from cryptography.hazmat.primitives import hashes
  File "/usr/lib/python3/dist-packages/cryptography/hazmat/primitives/hashes.py", line 10, in <module>
    from cryptography.hazmat.bindings._rust import openssl as rust_openssl
pyo3_runtime.PanicException: Python API call failed

